<?xml version="1.0" encoding="UTF-8"?>
<testsuite xmlns:xsi="http://www.w3.org/2001/XMLSchema-instance" xsi:noNamespaceSchemaLocation="https://maven.apache.org/surefire/maven-surefire-plugin/xsd/surefire-test-report-3.0.xsd" version="3.0" name="model.VendaServiceTest" time="1.134" tests="6" errors="0" skipped="0" failures="0">
  <properties>
[...]
</properties>
  <testcase name="deveFalharVendaPorEstoqueInsuficiente" classname="model.VendaServiceTest" time="1.086">
    <system-err><![CDATA[WARNING: A Java agent has been loaded dynamically (C:\Users\kenji\.m2\repository\net\bytebuddy\byte-buddy-agent\1.15.0\byte-buddy-agent-1.15.0.jar)
WARNING: If a serviceability tool is in use, please run with -XX:+EnableDynamicAgentLoading to hide this warning
WARNING: If a serviceability tool is not in use, please run with -Djdk.instrument.traceUsage for more information
WARNING: Dynamic loading of agents will be disallowed by default in a future release
Estoque insuficiente para o produto: Teclado Mecânico
]]></system-err>
  </testcase>
  <testcase name="deveAplicarDescontoCorretamente" classname="model.VendaServiceTest" time="0.021"/>
  <testcase name="deveManterValorOriginalComDescontoZero" classname="model.VendaServiceTest" time="0.004"/>
  <testcase name="deveConcluirVendaComPagamentoAprovado" classname="model.VendaServiceTest" time="0.006"/>
  <testcase name="deveTratarExcecaoDoServicoDePagamento" classname="model.VendaServiceTest" time="0.01">
    <system-err><![CDATA[Ocorreu um erro ao processar o pagamento: Gateway de pagamento fora do ar
]]></system-err>
  </testcase>
  <testcase name="deveFalharVendaComPagamentoRecusado" classname="model.VendaServiceTest" time="0.003"/>
</testsuite>